<?xml version="1.0" encoding="UTF-8"?>
<!-- Generated by org.testng.reporters.JUnitReportReporter -->
<testsuite hostname="DESKTOP-6BN764N" failures="0" tests="1" name="dataDrivenFramework.DataDriven" time="1.714" errors="0" timestamp="2021-12-12T07:11:22 MST" skipped="0">
  <testcase classname="dataDrivenFramework.DataDriven" name="init" time="1.714"/>
  <system-out/>
</testsuite> <!-- dataDrivenFramework.DataDriven -->
